Feature: Verify form Responses Api endpoints Note: it supports only GET and POST # features/GamifiApiTesting.feature:1

  @gamificationapi
  Scenario Outline: Verify a inputForm Api Type of ExternalApi -- @1.1                                                                             # features/GamifiApiTesting.feature:11
    Given I have a base URL https://stage-gamificationapi.theproindia.com/ api                                                                     # features/steps/formResponseApi_step.py:21
    Then I send a GET request to /v1/applications/projectId/62b404da22635c1c1fa248b7/1/10 with parameters with Test.json dataPath with user1 token # features/steps/formResponseApi_step.py:32
    Then the response status code should be 200 code                                                                                               # features/steps/formResponseApi_step.py:98

  @gamificationapi
  Scenario Outline: Verify a inputForm Api Type of ExternalApi -- @1.2                                                                         # features/GamifiApiTesting.feature:12
    Given I have a base URL https://stage-gamificationapi.theproindia.com/ api                                                                 # features/steps/formResponseApi_step.py:21
    Then I send a GET request to /v1/gameAction/application/649a8e07c05ea8224df9f5e with parameters with Gamafi.json dataPath with user2 token # features/steps/formResponseApi_step.py:32
    Then the response status code should be 200 code                                                                                           # features/steps/formResponseApi_step.py:98
      Traceback (most recent call last):
        File "C:\Users\SaranyaS\AppData\Local\Programs\Python\Python311\Lib\site-packages\behave\model.py", line 1329, in run
          match.run(runner.context)
        File "C:\Users\SaranyaS\AppData\Local\Programs\Python\Python311\Lib\site-packages\behave\matchers.py", line 98, in run
          self.func(context, *args, **kwargs)
        File "features\steps\formResponseApi_step.py", line 114, in step_then
          assert int(context.response.status_code) == int(status_code)
                 ^^^^^^^^^^^^^^^^^^^^^^^^^^^^^^^^^^^^^^^^^^^^^^^^^^^^^
      AssertionError


